<?xml version="1.0" encoding="UTF-8"?>
<testsuite xmlns:xsi="http://www.w3.org/2001/XMLSchema-instance" xsi:noNamespaceSchemaLocation="https://maven.apache.org/surefire/maven-surefire-plugin/xsd/surefire-test-report-3.0.xsd" version="3.0" name="com.lanqiao.test.generator.GeneratorBuilderTest" time="0.185" tests="2" errors="0" skipped="0" failures="0">
  <properties>
    <property name="gopherProxySet" value="false"/>
    <property name="awt.toolkit" value="sun.lwawt.macosx.LWCToolkit"/>
    <property name="http.proxyHost" value="127.0.0.1"/>
    <property name="file.encoding.pkg" value="sun.io"/>
    <property name="java.specification.version" value="1.8"/>
    <property name="sun.cpu.isalist" value=""/>
    <property name="sun.jnu.encoding" value="UTF-8"/>
    <property name="java.class.path" value="/Users/zzq/Library/CloudStorage/OneDrive-njust.edu.cn/lanqiao-common/target/test-classes:/Users/zzq/Library/CloudStorage/OneDrive-njust.edu.cn/lanqiao-common/target/classes:/Users/zzq/.m2/repository/org/apache/logging/log4j/log4j-api/2.20.0/log4j-api-2.20.0.jar:/Users/zzq/.m2/repository/org/apache/logging/log4j/log4j-core/2.20.0/log4j-core-2.20.0.jar:/Users/zzq/.m2/repository/org/apache/logging/log4j/log4j-slf4j2-impl/2.20.0/log4j-slf4j2-impl-2.20.0.jar:/Users/zzq/.m2/repository/org/slf4j/slf4j-api/2.0.9/slf4j-api-2.0.9.jar:/Users/zzq/.m2/repository/org/projectlombok/lombok/1.18.26/lombok-1.18.26.jar:/Users/zzq/.m2/repository/junit/junit/4.13.2/junit-4.13.2.jar:/Users/zzq/.m2/repository/org/hamcrest/hamcrest-core/1.3/hamcrest-core-1.3.jar:/Users/zzq/.m2/repository/org/codehaus/groovy/groovy/3.0.7/groovy-3.0.7.jar:"/>
    <property name="https.proxyPort" value="1082"/>
    <property name="java.vm.vendor" value="Azul Systems, Inc."/>
    <property name="sun.arch.data.model" value="64"/>
    <property name="java.vendor.url" value="http://www.azul.com/"/>
    <property name="user.timezone" value=""/>
    <property name="java.vm.specification.version" value="1.8"/>
    <property name="os.name" value="Mac OS X"/>
    <property name="user.country" value="CN"/>
    <property name="sun.java.launcher" value="SUN_STANDARD"/>
    <property name="sun.boot.library.path" value="/Users/zzq/Library/Java/JavaVirtualMachines/azul-1.8.0_432/Contents/Home/jre/lib"/>
    <property name="sun.java.command" value="/Users/zzq/Library/CloudStorage/OneDrive-njust.edu.cn/lanqiao-common/target/surefire/surefirebooter-20250415000939946_3.jar /Users/zzq/Library/CloudStorage/OneDrive-njust.edu.cn/lanqiao-common/target/surefire 2025-04-15T00-09-39_872-jvmRun1 surefire-20250415000939946_1tmp surefire_0-20250415000939946_2tmp"/>
    <property name="http.nonProxyHosts" value="112.124.47.27.dns|*.112.124.47.27.dns|8.8.8.8.dns|*.8.8.8.8.dns|172.16.0.0/12|*.172.16.0.0/12|captive.apple.com|*.captive.apple.com|192.168.0.0/16|*.192.168.0.0/16|local|*.local|114.114.114.114.dns|*.114.114.114.114.dns|192.168.1.1.dns|*.192.168.1.1.dns|e.crashlytics.com|*.e.crashlytics.com|8.8.4.4.dns|*.8.8.4.4.dns|198.18.0.0/15|*.198.18.0.0/15|localhost|*.localhost|10.0.0.0/8|*.10.0.0.0/8|192.168.0.1.dns|*.192.168.0.1.dns"/>
    <property name="surefire.test.class.path" value="/Users/zzq/Library/CloudStorage/OneDrive-njust.edu.cn/lanqiao-common/target/test-classes:/Users/zzq/Library/CloudStorage/OneDrive-njust.edu.cn/lanqiao-common/target/classes:/Users/zzq/.m2/repository/org/apache/logging/log4j/log4j-api/2.20.0/log4j-api-2.20.0.jar:/Users/zzq/.m2/repository/org/apache/logging/log4j/log4j-core/2.20.0/log4j-core-2.20.0.jar:/Users/zzq/.m2/repository/org/apache/logging/log4j/log4j-slf4j2-impl/2.20.0/log4j-slf4j2-impl-2.20.0.jar:/Users/zzq/.m2/repository/org/slf4j/slf4j-api/2.0.9/slf4j-api-2.0.9.jar:/Users/zzq/.m2/repository/org/projectlombok/lombok/1.18.26/lombok-1.18.26.jar:/Users/zzq/.m2/repository/junit/junit/4.13.2/junit-4.13.2.jar:/Users/zzq/.m2/repository/org/hamcrest/hamcrest-core/1.3/hamcrest-core-1.3.jar:/Users/zzq/.m2/repository/org/codehaus/groovy/groovy/3.0.7/groovy-3.0.7.jar:"/>
    <property name="sun.cpu.endian" value="little"/>
    <property name="user.home" value="/Users/zzq"/>
    <property name="user.language" value="zh"/>
    <property name="java.specification.vendor" value="Oracle Corporation"/>
    <property name="java.home" value="/Users/zzq/Library/Java/JavaVirtualMachines/azul-1.8.0_432/Contents/Home/jre"/>
    <property name="basedir" value="/Users/zzq/Library/CloudStorage/OneDrive-njust.edu.cn/lanqiao-common"/>
    <property name="https.proxyHost" value="127.0.0.1"/>
    <property name="file.separator" value="/"/>
    <property name="line.separator" value="&#10;"/>
    <property name="jdk.vendor.version" value="Zulu 8.82.0.21-CA-macos-aarch64"/>
    <property name="java.vm.specification.vendor" value="Oracle Corporation"/>
    <property name="java.specification.name" value="Java Platform API Specification"/>
    <property name="java.awt.graphicsenv" value="sun.awt.CGraphicsEnvironment"/>
    <property name="surefire.real.class.path" value="/Users/zzq/Library/CloudStorage/OneDrive-njust.edu.cn/lanqiao-common/target/surefire/surefirebooter-20250415000939946_3.jar"/>
    <property name="sun.boot.class.path" value="/Users/zzq/Library/Java/JavaVirtualMachines/azul-1.8.0_432/Contents/Home/jre/lib/resources.jar:/Users/zzq/Library/Java/JavaVirtualMachines/azul-1.8.0_432/Contents/Home/jre/lib/rt.jar:/Users/zzq/Library/Java/JavaVirtualMachines/azul-1.8.0_432/Contents/Home/jre/lib/sunrsasign.jar:/Users/zzq/Library/Java/JavaVirtualMachines/azul-1.8.0_432/Contents/Home/jre/lib/jsse.jar:/Users/zzq/Library/Java/JavaVirtualMachines/azul-1.8.0_432/Contents/Home/jre/lib/jce.jar:/Users/zzq/Library/Java/JavaVirtualMachines/azul-1.8.0_432/Contents/Home/jre/lib/charsets.jar:/Users/zzq/Library/Java/JavaVirtualMachines/azul-1.8.0_432/Contents/Home/jre/lib/jfr.jar:/Users/zzq/Library/Java/JavaVirtualMachines/azul-1.8.0_432/Contents/Home/jre/lib/cat.jar:/Users/zzq/Library/Java/JavaVirtualMachines/azul-1.8.0_432/Contents/Home/jre/classes"/>
    <property name="sun.management.compiler" value="HotSpot 64-Bit Tiered Compilers"/>
    <property name="ftp.nonProxyHosts" value="112.124.47.27.dns|*.112.124.47.27.dns|8.8.8.8.dns|*.8.8.8.8.dns|172.16.0.0/12|*.172.16.0.0/12|captive.apple.com|*.captive.apple.com|192.168.0.0/16|*.192.168.0.0/16|local|*.local|114.114.114.114.dns|*.114.114.114.114.dns|192.168.1.1.dns|*.192.168.1.1.dns|e.crashlytics.com|*.e.crashlytics.com|8.8.4.4.dns|*.8.8.4.4.dns|198.18.0.0/15|*.198.18.0.0/15|localhost|*.localhost|10.0.0.0/8|*.10.0.0.0/8|192.168.0.1.dns|*.192.168.0.1.dns"/>
    <property name="java.runtime.version" value="1.8.0_432-b06"/>
    <property name="user.name" value="zzq"/>
    <property name="path.separator" value=":"/>
    <property name="os.version" value="14.6"/>
    <property name="java.endorsed.dirs" value="/Users/zzq/Library/Java/JavaVirtualMachines/azul-1.8.0_432/Contents/Home/jre/lib/endorsed"/>
    <property name="java.runtime.name" value="OpenJDK Runtime Environment"/>
    <property name="file.encoding" value="UTF-8"/>
    <property name="java.vm.name" value="OpenJDK 64-Bit Server VM"/>
    <property name="localRepository" value="/Users/zzq/.m2/repository"/>
    <property name="java.vendor.url.bug" value="http://www.azul.com/support/"/>
    <property name="java.io.tmpdir" value="/var/folders/lj/2s_t73yd5t545w0d_pz5_rlr0000gn/T/"/>
    <property name="idea.version" value="2024.2.4"/>
    <property name="java.version" value="1.8.0_432"/>
    <property name="user.dir" value="/Users/zzq/Library/CloudStorage/OneDrive-njust.edu.cn/lanqiao-common"/>
    <property name="os.arch" value="aarch64"/>
    <property name="java.vm.specification.name" value="Java Virtual Machine Specification"/>
    <property name="java.awt.printerjob" value="sun.lwawt.macosx.CPrinterJob"/>
    <property name="sun.os.patch.level" value="unknown"/>
    <property name="java.library.path" value="/Users/zzq/Library/Java/Extensions:/Library/Java/Extensions:/Network/Library/Java/Extensions:/System/Library/Java/Extensions:/usr/lib/java:."/>
    <property name="java.vm.info" value="mixed mode"/>
    <property name="java.vendor" value="Azul Systems, Inc."/>
    <property name="java.vm.version" value="25.432-b06"/>
    <property name="java.specification.maintenance.version" value="6"/>
    <property name="java.ext.dirs" value="/Users/zzq/Library/Java/Extensions:/Users/zzq/Library/Java/JavaVirtualMachines/azul-1.8.0_432/Contents/Home/jre/lib/ext:/Library/Java/Extensions:/Network/Library/Java/Extensions:/System/Library/Java/Extensions:/usr/lib/java"/>
    <property name="sun.io.unicode.encoding" value="UnicodeBig"/>
    <property name="java.class.version" value="52.0"/>
    <property name="socksNonProxyHosts" value="112.124.47.27.dns|*.112.124.47.27.dns|8.8.8.8.dns|*.8.8.8.8.dns|172.16.0.0/12|*.172.16.0.0/12|captive.apple.com|*.captive.apple.com|192.168.0.0/16|*.192.168.0.0/16|local|*.local|114.114.114.114.dns|*.114.114.114.114.dns|192.168.1.1.dns|*.192.168.1.1.dns|e.crashlytics.com|*.e.crashlytics.com|8.8.4.4.dns|*.8.8.4.4.dns|198.18.0.0/15|*.198.18.0.0/15|localhost|*.localhost|10.0.0.0/8|*.10.0.0.0/8|192.168.0.1.dns|*.192.168.0.1.dns"/>
    <property name="http.proxyPort" value="1082"/>
  </properties>
  <testcase name="testDependency" classname="com.lanqiao.test.generator.GeneratorBuilderTest" time="0.168">
    <system-out><![CDATA[GeneratorBuilderTest.Employee(name=周九, level=1, salary=6962.4127123212875)
GeneratorBuilderTest.Employee(name=张三, level=1, salary=6678.813375020423)
GeneratorBuilderTest.Employee(name=张三, level=2, salary=11907.520799264355)
GeneratorBuilderTest.Employee(name=李四, level=3, salary=22096.86600567376)
GeneratorBuilderTest.Employee(name=孙八, level=2, salary=14217.694135603353)
GeneratorBuilderTest.Employee(name=王五, level=3, salary=19041.44200568161)
GeneratorBuilderTest.Employee(name=孙八, level=2, salary=11895.14718601562)
GeneratorBuilderTest.Employee(name=孙八, level=2, salary=13127.300157119063)
GeneratorBuilderTest.Employee(name=周九, level=3, salary=20975.877592065008)
GeneratorBuilderTest.Employee(name=周九, level=2, salary=12092.876315949996)
]]></system-out>
  </testcase>
  <testcase name="test" classname="com.lanqiao.test.generator.GeneratorBuilderTest" time="0.01">
    <system-out><![CDATA[00:09:40.301 [main] INFO  com.lanqiao.test.generator.GeneratorBuilderTest - p1=GeneratorBuilderTest.Person(age=809, id=2106027886168070363, clothes=GeneratorBuilderTest.Clothes(type=2, price=0.7915736784354143)) p2=GeneratorBuilderTest.Person(age=481, id=8574094230112679756, clothes=GeneratorBuilderTest.Clothes(type=0, price=0.8062734793029587))
]]></system-out>
  </testcase>
</testsuite>